#-----------------------------------------------------------
# Vivado v2024.2 (64-bit)
# SW Build 5239630 on Fri Nov 08 22:34:34 MST 2024
# IP Build 5239520 on Sun Nov 10 16:12:51 MST 2024
# SharedData Build 5239561 on Fri Nov 08 14:39:27 MST 2024
# Start of session at: Thu May 15 21:02:20 2025
# Process ID         : 298788
# Current directory  : /home/matthias/fpga_projects/BRISKI/hardware/vivado-impl
# Command line       : vivado
# Log file           : /home/matthias/fpga_projects/BRISKI/hardware/vivado-impl/vivado.log
# Journal file       : /home/matthias/fpga_projects/BRISKI/hardware/vivado-impl/vivado.jou
# Running On         : debian
# Platform           : Debian
# Operating System   : Debian GNU/Linux 12 (bookworm)
# Processor Detail   : AMD Ryzen 5 3600 6-Core Processor
# CPU Frequency      : 4096.428 MHz
# CPU Physical cores : 6
# CPU Logical cores  : 12
# Host memory        : 16707 MB
# Swap memory        : 1022 MB
# Total Virtual      : 17730 MB
# Available Virtual  : 13631 MB
#-----------------------------------------------------------
start_gui
WARNING: [Board 49-26] cannot add Board Part xilinx.com:zcu208ld:part0:2.0 available at /tools/Xilinx/Vivado/2024.2/data/xhub/boards/XilinxBoardStore/boards/Xilinx/zcu208ld/production/2.0/board.xml as part xczu58dr-fsvg1517-2-i specified in board_part file is either invalid or not available
WARNING: [Board 49-26] cannot add Board Part xilinx.com:zcu216ld:part0:2.0 available at /tools/Xilinx/Vivado/2024.2/data/xhub/boards/XilinxBoardStore/boards/Xilinx/zcu216ld/production/2.0/board.xml as part xczu59dr-ffvf1760-2-i specified in board_part file is either invalid or not available
WARNING: [Board 49-26] cannot add Board Part xilinx.com:zcu670ld:part0:1.0 available at /tools/Xilinx/Vivado/2024.2/data/xhub/boards/XilinxBoardStore/boards/Xilinx/zcu670ld/1.0/board.xml as part xczu57dr-fsve1156-2-i specified in board_part file is either invalid or not available
open_checkpoint /home/matthias/fpga_projects/BRISKI/hardware/vivado-impl/vivado-runs/post_place.dcp
Command: open_checkpoint /home/matthias/fpga_projects/BRISKI/hardware/vivado-impl/vivado-runs/post_place.dcp

Starting open_checkpoint Task

Time (s): cpu = 00:00:00.03 ; elapsed = 00:00:00.03 . Memory (MB): peak = 7656.965 ; gain = 0.000 ; free physical = 7447 ; free virtual = 12156
INFO: [IP_Flow 19-234] Refreshing IP repositories
INFO: [IP_Flow 19-1704] No user IP repositories specified
INFO: [IP_Flow 19-2313] Loaded Vivado IP repository '/tools/Xilinx/Vivado/2024.2/data/ip'.
INFO: [Device 21-403] Loading part xc7a35tcpg236-1
Netlist sorting complete. Time (s): cpu = 00:00:00.01 ; elapsed = 00:00:00.01 . Memory (MB): peak = 7921.832 ; gain = 0.000 ; free physical = 7209 ; free virtual = 11918
INFO: [Netlist 29-17] Analyzing 19 Unisim elements for replacement
INFO: [Netlist 29-28] Unisim Transformation completed in 0 CPU seconds
INFO: [Project 1-479] Netlist was created with Vivado 2024.2
INFO: [Project 1-570] Preparing netlist for logic optimization
Read ShapeDB Complete: Time (s): cpu = 00:00:00 ; elapsed = 00:00:00 . Memory (MB): peak = 7978.707 ; gain = 0.000 ; free physical = 7141 ; free virtual = 11850
INFO: [Timing 38-478] Restoring timing data from binary archive.
INFO: [Timing 38-479] Binary timing data restore complete.
INFO: [Project 1-856] Restoring constraints from binary archive.
INFO: [Project 1-853] Binary constraint restore complete.
INFO: [Designutils 20-5722] Start Reading Physical Databases.
Reading placement.
Read Netlist Cache: Time (s): cpu = 00:00:00 ; elapsed = 00:00:00 . Memory (MB): peak = 8467.078 ; gain = 0.000 ; free physical = 6695 ; free virtual = 11404
Reading placer database...
Read Device Cache: Time (s): cpu = 00:00:00.01 ; elapsed = 00:00:00.01 . Memory (MB): peak = 8467.078 ; gain = 0.000 ; free physical = 6695 ; free virtual = 11404
Read PlaceDB: Time (s): cpu = 00:00:00.05 ; elapsed = 00:00:00.04 . Memory (MB): peak = 8467.078 ; gain = 0.000 ; free physical = 6695 ; free virtual = 11404
Read PulsedLatchDB: Time (s): cpu = 00:00:00 ; elapsed = 00:00:00 . Memory (MB): peak = 8467.078 ; gain = 0.000 ; free physical = 6695 ; free virtual = 11404
Reading routing.
Read RouteStorage: Time (s): cpu = 00:00:00 ; elapsed = 00:00:00 . Memory (MB): peak = 8467.078 ; gain = 0.000 ; free physical = 6695 ; free virtual = 11404
Read Physdb Files: Time (s): cpu = 00:00:00.06 ; elapsed = 00:00:00.05 . Memory (MB): peak = 8467.078 ; gain = 0.000 ; free physical = 6695 ; free virtual = 11404
Restored from archive | CPU: 0.100000 secs | Memory: 2.777130 MB |
Finished XDEF File Restore: Time (s): cpu = 00:00:00.1 ; elapsed = 00:00:00.09 . Memory (MB): peak = 8467.078 ; gain = 5.938 ; free physical = 6695 ; free virtual = 11404
Netlist sorting complete. Time (s): cpu = 00:00:00 ; elapsed = 00:00:00 . Memory (MB): peak = 8467.078 ; gain = 0.000 ; free physical = 6695 ; free virtual = 11404
INFO: [Project 1-111] Unisim Transformation Summary:
  A total of 2 instances were transformed.
  RAM32M => RAM32M (RAMD32(x6), RAMS32(x2)): 2 instances

INFO: [Project 1-604] Checkpoint was created with Vivado v2024.2 (64-bit) build 5239630
open_checkpoint: Time (s): cpu = 00:00:23 ; elapsed = 00:00:14 . Memory (MB): peak = 8862.324 ; gain = 1217.199 ; free physical = 6319 ; free virtual = 11031
close_project
open_checkpoint /home/matthias/fpga_projects/BRISKI/hardware/vivado-impl/vivado-runs/post_route_physopt.dcp
Command: open_checkpoint /home/matthias/fpga_projects/BRISKI/hardware/vivado-impl/vivado-runs/post_route_physopt.dcp

Starting open_checkpoint Task

Time (s): cpu = 00:00:00 ; elapsed = 00:00:00 . Memory (MB): peak = 8862.324 ; gain = 0.000 ; free physical = 6242 ; free virtual = 10957
INFO: [IP_Flow 19-234] Refreshing IP repositories
INFO: [IP_Flow 19-1704] No user IP repositories specified
INFO: [IP_Flow 19-2313] Loaded Vivado IP repository '/tools/Xilinx/Vivado/2024.2/data/ip'.
Netlist sorting complete. Time (s): cpu = 00:00:00.03 ; elapsed = 00:00:00.01 . Memory (MB): peak = 8862.324 ; gain = 0.000 ; free physical = 6241 ; free virtual = 10955
INFO: [Netlist 29-17] Analyzing 19 Unisim elements for replacement
INFO: [Netlist 29-28] Unisim Transformation completed in 0 CPU seconds
INFO: [Project 1-479] Netlist was created with Vivado 2024.2
INFO: [Project 1-570] Preparing netlist for logic optimization
Read ShapeDB Complete: Time (s): cpu = 00:00:00 ; elapsed = 00:00:00 . Memory (MB): peak = 8862.324 ; gain = 0.000 ; free physical = 6236 ; free virtual = 10951
INFO: [Timing 38-478] Restoring timing data from binary archive.
INFO: [Timing 38-479] Binary timing data restore complete.
INFO: [Project 1-856] Restoring constraints from binary archive.
INFO: [Project 1-853] Binary constraint restore complete.
INFO: [Designutils 20-5722] Start Reading Physical Databases.
Reading placement.
Read Netlist Cache: Time (s): cpu = 00:00:00 ; elapsed = 00:00:00 . Memory (MB): peak = 8862.324 ; gain = 0.000 ; free physical = 6230 ; free virtual = 10945
Reading placer database...
Read Device Cache: Time (s): cpu = 00:00:00 ; elapsed = 00:00:00.01 . Memory (MB): peak = 8862.324 ; gain = 0.000 ; free physical = 6230 ; free virtual = 10945
Read PlaceDB: Time (s): cpu = 00:00:00.04 ; elapsed = 00:00:00.04 . Memory (MB): peak = 8862.324 ; gain = 0.000 ; free physical = 6230 ; free virtual = 10945
Read PulsedLatchDB: Time (s): cpu = 00:00:00 ; elapsed = 00:00:00 . Memory (MB): peak = 8862.324 ; gain = 0.000 ; free physical = 6230 ; free virtual = 10945
Reading routing.
Read RouteStorage: Time (s): cpu = 00:00:00.04 ; elapsed = 00:00:00.01 . Memory (MB): peak = 8862.324 ; gain = 0.000 ; free physical = 6230 ; free virtual = 10945
Read Physdb Files: Time (s): cpu = 00:00:00.09 ; elapsed = 00:00:00.06 . Memory (MB): peak = 8862.324 ; gain = 0.000 ; free physical = 6230 ; free virtual = 10945
Restored from archive | CPU: 0.090000 secs | Memory: 1.440346 MB |
Finished XDEF File Restore: Time (s): cpu = 00:00:00.09 ; elapsed = 00:00:00.06 . Memory (MB): peak = 8862.324 ; gain = 0.000 ; free physical = 6230 ; free virtual = 10945
Netlist sorting complete. Time (s): cpu = 00:00:00 ; elapsed = 00:00:00 . Memory (MB): peak = 8862.324 ; gain = 0.000 ; free physical = 6230 ; free virtual = 10945
INFO: [Project 1-111] Unisim Transformation Summary:
  A total of 2 instances were transformed.
  RAM32M => RAM32M (RAMD32(x6), RAMS32(x2)): 2 instances

INFO: [Project 1-604] Checkpoint was created with Vivado v2024.2 (64-bit) build 5239630
open_checkpoint: Time (s): cpu = 00:00:14 ; elapsed = 00:00:09 . Memory (MB): peak = 8898.348 ; gain = 36.023 ; free physical = 6225 ; free virtual = 10945
exit
INFO: [Common 17-206] Exiting Vivado at Thu May 15 21:08:39 2025...
